<?xml version="1.0" encoding="UTF-8"?>
<Site BuildName="Linux-g++"
	BuildStamp="20240218-0405-Experimental"
	Name="LAPTOP-9DVDL2IH"
	Generator="ctest-3.28.3"
	CompilerName="/usr/bin/g++"
	CompilerVersion="11.4.0"
	OSName="Linux"
	Hostname="LAPTOP-9DVDL2IH"
	OSRelease="5.15.133.1-microsoft-standard-WSL2"
	OSVersion="#1 SMP Thu Oct 5 21:02:42 UTC 2023"
	OSPlatform="x86_64"
	Is64Bits="1"
	VendorString="GenuineIntel"
	VendorID="Intel Corporation"
	FamilyID="6"
	ModelID="158"
	ProcessorCacheSize="8192"
	NumberOfLogicalCPU="8"
	NumberOfPhysicalCPU="4"
	TotalVirtualMemory="3072"
	TotalPhysicalMemory="11869"
	LogicalProcessorsPerPhysical="2"
	ProcessorClockFrequency="2400.01"
	>
	<Testing>
		<StartDateTime>Feb 18 22:13 IST</StartDateTime>
		<StartTestTime>1708274615</StartTestTime>
		<TestList/>
		<EndDateTime>Feb 18 22:13 IST</EndDateTime>
		<EndTestTime>1708274615</EndTestTime>
		<ElapsedMinutes>0</ElapsedMinutes>
	</Testing>
</Site>
